<?xml version="1.0" encoding="UTF-8"?>
<testng-results ignored="0" total="1" passed="1" failed="0" skipped="0">
  <reporter-output>
  </reporter-output>
  <suite started-at="2024-09-12T14:46:45 IST" name="Default suite" finished-at="2024-09-12T14:46:51 IST" duration-ms="6419">
    <groups>
    </groups>
    <test started-at="2024-09-12T14:46:45 IST" name="Default test" finished-at="2024-09-12T14:46:51 IST" duration-ms="6419">
      <class name="a1_browser.Prg29_Input">
        <test-method is-config="true" signature="beforeMethod()[pri:0, instance:a1_browser.Prg29_Input@28eaa59a]" started-at="2024-09-12T14:46:45 IST" name="beforeMethod" finished-at="2024-09-12T14:46:51 IST" duration-ms="5958" status="PASS">
          <reporter-output>
          </reporter-output>
        </test-method> <!-- beforeMethod -->
        <test-method signature="f()[pri:1, instance:a1_browser.Prg29_Input@28eaa59a]" started-at="2024-09-12T14:46:51 IST" name="f" finished-at="2024-09-12T14:46:51 IST" duration-ms="404" status="PASS">
          <reporter-output>
          </reporter-output>
        </test-method> <!-- f -->
        <test-method is-config="true" signature="afterMethod()[pri:0, instance:a1_browser.Prg29_Input@28eaa59a]" started-at="2024-09-12T14:46:51 IST" name="afterMethod" finished-at="2024-09-12T14:46:51 IST" duration-ms="0" status="PASS">
          <reporter-output>
          </reporter-output>
        </test-method> <!-- afterMethod -->
      </class> <!-- a1_browser.Prg29_Input -->
    </test> <!-- Default test -->
  </suite> <!-- Default suite -->
</testng-results>
